<?xml version="1.0" encoding="UTF-8"?>
<!-- Generated by org.testng.reporters.JUnitXMLReporter -->
<testsuite ignored="0" hostname="anju" failures="0" tests="1" name="Default test" time="0.25" errors="0" timestamp="2022-06-09T18:31:20 IST">
  <testcase classname="com.inetbanking.testcases.BaseClass" name="@BeforeClass setup" time="-1.654779680134E9">
    <failure type="org.testng.TestNGException" message="
Parameter &amp;apos;Browser&amp;apos; is required by BeforeClass on method setup but has not been marked @Optional or defined
in C:\Users\anjan\AppData\Local\Temp\testng-eclipse--943926434\testng-customsuite.xml">
      <![CDATA[org.testng.TestNGException: 
Parameter 'Browser' is required by BeforeClass on method setup but has not been marked @Optional or defined
in C:\Users\anjan\AppData\Local\Temp\testng-eclipse--943926434\testng-customsuite.xml
at java.base/java.util.ArrayList.forEach(ArrayList.java:1511)
... Removed 22 stack frames]]>
    </failure>
  </testcase> <!-- @BeforeClass setup -->
  <testcase classname="com.inetbanking.testcases.BaseClass" name="@AfterClass teardown" time="0.0">
    <skipped/>
  </testcase> <!-- @AfterClass teardown -->
  <testcase classname="com.inetbanking.testcases.LoginTestCase_001" name="logintestcase" time="0.001">
    <skipped/>
  </testcase> <!-- logintestcase -->
</testsuite> <!-- Default test -->
